Epoch 1
-------------------------------
loss: 2.011194  [    0/ 2267]
loss: 1.135652  [  640/ 2267]
loss: 0.906247  [ 1280/ 2267]
loss: 0.704964  [ 1920/ 2267]
Test Error: Avg loss: 0.657999 

Epoch 2
-------------------------------
loss: 0.779221  [    0/ 2267]
loss: 0.550442  [  640/ 2267]
loss: 0.678742  [ 1280/ 2267]
loss: 0.451288  [ 1920/ 2267]
Test Error: Avg loss: 0.483133 

Epoch 3
-------------------------------
loss: 0.512743  [    0/ 2267]
loss: 0.410185  [  640/ 2267]
loss: 0.507033  [ 1280/ 2267]
loss: 0.565091  [ 1920/ 2267]
Test Error: Avg loss: 0.425358 

Epoch 4
-------------------------------
loss: 0.492364  [    0/ 2267]
loss: 0.414878  [  640/ 2267]
loss: 0.449107  [ 1280/ 2267]
loss: 0.544079  [ 1920/ 2267]
Test Error: Avg loss: 0.417781 

Epoch 5
-------------------------------
loss: 0.421658  [    0/ 2267]
loss: 0.384124  [  640/ 2267]
loss: 0.381432  [ 1280/ 2267]
loss: 0.281487  [ 1920/ 2267]
Test Error: Avg loss: 0.436397 